2023-03-31 23:40:47,656 INFO  [Log] Login Completed 
2023-03-31 23:41:22,765 INFO  [Log] Login Done 
2023-03-31 23:41:23,246 INFO  [Log] Application Closed 
2023-03-31 23:41:28,621 INFO  [Log] Application Opened 
2023-03-31 23:41:35,148 INFO  [Log] POPup Closed 
2023-03-31 23:41:38,280 INFO  [Log] Login Completed 
2023-03-31 23:41:46,445 INFO  [Log] Login Done 
2023-03-31 23:41:46,760 INFO  [Log] Application Closed 
2023-03-31 23:41:49,975 INFO  [Log] Application Opened 
2023-04-01 10:55:01,870 INFO  [Log] Application Opened 
2023-04-01 10:55:07,994 INFO  [Log] POPup Closed 
2023-04-01 10:55:10,823 INFO  [Log] Login Completed 
2023-04-01 10:55:29,063 INFO  [Log] Login Done 
2023-04-01 10:55:29,440 INFO  [Log] Application Closed 
2023-04-01 10:55:32,725 INFO  [Log] Application Opened 
2023-04-01 10:55:40,659 INFO  [Log] POPup Closed 
2023-04-01 10:55:44,239 INFO  [Log] Login Completed 
2023-04-01 10:55:51,551 INFO  [Log] Login Done 
2023-04-01 10:55:51,878 INFO  [Log] Application Closed 
2023-04-01 10:55:55,787 INFO  [Log] Application Opened 
2023-04-01 10:56:05,225 INFO  [Log] POPup Closed 
2023-04-01 10:56:08,090 INFO  [Log] Login Completed 
2023-04-01 10:56:44,562 INFO  [Log] Login Done 
2023-04-01 10:56:44,877 INFO  [Log] Application Closed 
2023-04-01 10:56:49,509 INFO  [Log] Application Opened 
2023-04-01 10:56:56,634 INFO  [Log] POPup Closed 
2023-04-01 10:56:59,763 INFO  [Log] Login Completed 
2023-04-01 10:58:25,447 INFO  [Log] Application Closed 
2023-04-01 10:58:31,968 INFO  [Log] Application Opened 
2023-04-01 10:58:35,805 INFO  [Log] POPup Closed 
2023-04-01 10:58:38,733 INFO  [Log] Login Completed 
2023-04-01 10:59:27,301 INFO  [Log] Application Closed 
2023-04-01 17:33:57,810 INFO  [Log] Application Opened 
2023-04-01 17:34:04,669 INFO  [Log] POPup Closed 
2023-04-01 17:34:07,874 INFO  [Log] Login Completed 
2023-04-01 17:34:26,746 INFO  [Log] Login Done 
2023-04-01 17:34:27,921 INFO  [Log] Application Closed 
2023-04-01 17:34:31,825 INFO  [Log] Application Opened 
2023-04-01 17:34:39,098 INFO  [Log] POPup Closed 
2023-04-01 17:34:42,034 INFO  [Log] Login Completed 
2023-04-01 17:35:05,760 INFO  [Log] Login Done 
2023-04-01 17:35:06,644 INFO  [Log] Application Closed 
2023-04-01 17:35:09,938 INFO  [Log] Application Opened 
2023-04-01 17:35:18,063 INFO  [Log] POPup Closed 
2023-04-01 17:35:21,023 INFO  [Log] Login Completed 
2023-04-01 17:35:55,024 INFO  [Log] Login Done 
2023-04-01 17:35:55,661 INFO  [Log] Application Closed 
2023-04-01 17:35:58,405 INFO  [Log] Application Opened 
2023-04-01 17:36:04,243 INFO  [Log] POPup Closed 
2023-04-01 17:36:07,065 INFO  [Log] Login Completed 
2023-04-01 17:36:42,210 INFO  [Log] Application Closed 
2023-04-01 17:36:45,020 INFO  [Log] Application Opened 
2023-04-01 17:36:51,516 INFO  [Log] POPup Closed 
2023-04-01 17:36:54,358 INFO  [Log] Login Completed 
2023-04-01 17:37:39,705 INFO  [Log] Application Closed 
2023-04-04 22:53:05,941 INFO  [Log] Application Opened 
2023-04-04 22:53:11,434 INFO  [Log] POPup Closed 
2023-04-04 22:53:17,358 INFO  [Log] Login Completed 
2023-04-04 22:54:21,883 INFO  [Log] Application Closed 
2023-04-04 22:54:27,805 INFO  [Log] Application Opened 
2023-04-04 22:54:33,033 INFO  [Log] POPup Closed 
2023-04-04 22:54:36,848 INFO  [Log] Login Completed 
2023-04-04 22:54:46,426 INFO  [Log] Login Done 
2023-04-04 22:54:47,019 INFO  [Log] Application Closed 
2023-04-04 22:54:51,684 INFO  [Log] Application Opened 
2023-04-04 22:54:56,908 INFO  [Log] POPup Closed 
2023-04-04 22:55:00,531 INFO  [Log] Login Completed 
2023-04-04 22:55:44,906 INFO  [Log] Login Done 
2023-04-04 22:55:46,222 INFO  [Log] Application Closed 
2023-04-04 22:55:52,013 INFO  [Log] Application Opened 
2023-04-04 22:56:00,951 INFO  [Log] POPup Closed 
2023-04-04 22:56:04,654 INFO  [Log] Login Completed 
2023-04-04 22:57:19,822 INFO  [Log] Application Closed 
2023-04-04 22:57:28,425 INFO  [Log] Application Opened 
2023-04-04 22:57:31,803 INFO  [Log] POPup Closed 
2023-04-04 22:57:35,605 INFO  [Log] Login Completed 
2023-04-04 22:58:50,317 INFO  [Log] Application Closed 
2023-04-04 23:23:34,618 INFO  [Log] Application Opened 
2023-04-04 23:23:40,648 INFO  [Log] POPup Closed 
2023-04-04 23:23:44,190 INFO  [Log] Login Completed 
2023-04-04 23:24:15,548 INFO  [Log] Login Done 
2023-04-04 23:24:16,369 INFO  [Log] Application Closed 
2023-04-04 23:24:24,133 INFO  [Log] Application Opened 
2023-04-04 23:24:28,625 INFO  [Log] POPup Closed 
2023-04-04 23:24:33,514 INFO  [Log] Login Completed 
2023-04-04 23:24:46,287 INFO  [Log] Login Done 
2023-04-04 23:24:47,031 INFO  [Log] Application Closed 
